<?xml version="1.0" encoding="UTF-8"?>
<!-- Generated by org.testng.reporters.JUnitReportReporter -->
<testsuite hostname="DESKTOP-J0AGKIC" failures="0" tests="1" name="com.qa.test.MainTest" time="1.776" errors="0" timestamp="2022-02-06T00:25:19 IST" skipped="0">
  <testcase classname="com.qa.test.MainTest" name="Testing" time="1.776"/>
  <system-out/>
</testsuite> <!-- com.qa.test.MainTest -->
